\BOOKMARK [0][-]{chapter.1}{\376\377\000I\000n\000t\000r\000o\000d\000u\000c\000t\000i\000o\000n}{}% 1
\BOOKMARK [0][-]{chapter.2}{\376\377\000I\000n\000s\000t\000a\000l\000l\000a\000t\000i\000o\000n}{}% 2
\BOOKMARK [0][-]{chapter.3}{\376\377\000S\000y\000n\000t\000a\000x}{}% 3
\BOOKMARK [1][-]{section.3.1}{\376\377\000D\000i\000s\000c\000r\000e\000t\000e\000\040\000P\000r\000o\000b\000a\000b\000i\000l\000i\000t\000y\000\040\000D\000i\000s\000t\000r\000i\000b\000u\000t\000i\000o\000n\000s}{chapter.3}% 4
\BOOKMARK [1][-]{section.3.2}{\376\377\000C\000o\000n\000t\000i\000n\000u\000o\000u\000s\000\040\000P\000r\000o\000b\000a\000b\000i\000l\000i\000t\000y\000\040\000D\000e\000n\000s\000i\000t\000i\000e\000s}{chapter.3}% 5
\BOOKMARK [0][-]{chapter.4}{\376\377\000S\000e\000m\000a\000n\000t\000i\000c\000s}{}% 6
\BOOKMARK [0][-]{chapter.5}{\376\377\000I\000n\000f\000e\000r\000e\000n\000c\000e}{}% 7
\BOOKMARK [1][-]{section.5.1}{\376\377\000U\000n\000c\000o\000n\000d\000i\000t\000i\000o\000n\000a\000l\000\040\000Q\000u\000e\000r\000i\000e\000s}{chapter.5}% 8
\BOOKMARK [1][-]{section.5.2}{\376\377\000C\000o\000n\000d\000i\000t\000i\000o\000n\000a\000l\000\040\000Q\000u\000e\000r\000i\000e\000s\000\040\000o\000n\000\040\000D\000i\000s\000c\000r\000e\000t\000e\000\040\000V\000a\000r\000i\000a\000b\000l\000e\000s}{chapter.5}% 9
\BOOKMARK [1][-]{section.5.3}{\376\377\000C\000o\000n\000d\000i\000t\000i\000o\000n\000a\000l\000\040\000Q\000u\000e\000r\000i\000e\000s\000\040\000o\000n\000\040\000C\000o\000n\000t\000i\000n\000u\000o\000u\000s\000\040\000V\000a\000r\000i\000a\000b\000l\000e\000s}{chapter.5}% 10
\BOOKMARK [1][-]{section.5.4}{\376\377\000C\000a\000u\000s\000a\000l\000\040\000I\000n\000f\000e\000r\000e\000n\000c\000e}{chapter.5}% 11
\BOOKMARK [1][-]{section.5.5}{\376\377\000G\000r\000a\000p\000h\000i\000n\000g\000\040\000t\000h\000e\000\040\000R\000e\000s\000u\000l\000t\000s}{chapter.5}% 12
\BOOKMARK [1][-]{section.5.6}{\376\377\000P\000a\000r\000a\000m\000e\000t\000e\000r\000s\000\040\000f\000o\000r\000\040\000I\000n\000f\000e\000r\000e\000n\000c\000e}{chapter.5}% 13
\BOOKMARK [1][-]{section.5.7}{\376\377\000T\000a\000b\000l\000i\000n\000g}{chapter.5}% 14
\BOOKMARK [1][-]{section.5.8}{\376\377\000D\000e\000c\000i\000s\000i\000o\000n\000\040\000T\000h\000e\000o\000r\000y}{chapter.5}% 15
\BOOKMARK [0][-]{chapter.6}{\376\377\000L\000e\000a\000r\000n\000i\000n\000g}{}% 16
\BOOKMARK [1][-]{section.6.1}{\376\377\000I\000n\000p\000u\000t}{chapter.6}% 17
\BOOKMARK [1][-]{section.6.2}{\376\377\000C\000o\000m\000m\000a\000n\000d\000s}{chapter.6}% 18
\BOOKMARK [1][-]{section.6.3}{\376\377\000P\000a\000r\000a\000m\000e\000t\000e\000r\000s\000\040\000f\000o\000r\000\040\000L\000e\000a\000r\000n\000i\000n\000g}{chapter.6}% 19
\BOOKMARK [0][-]{chapter.7}{\376\377\000D\000o\000w\000n\000l\000o\000a\000d\000\040\000Q\000u\000e\000r\000y\000\040\000R\000e\000s\000u\000l\000t\000s\000\040\000t\000h\000r\000o\000u\000g\000h\000\040\000a\000n\000\040\000A\000P\000I}{}% 20
\BOOKMARK [0][-]{chapter.8}{\376\377\000M\000a\000n\000u\000a\000l\000\040\000i\000n\000\040\000P\000D\000F}{}% 21
\BOOKMARK [0][-]{chapter.9}{\376\377\000L\000i\000c\000e\000n\000s\000e}{}% 22
\BOOKMARK [0][-]{chapter*.3}{\376\377\000B\000i\000b\000l\000i\000o\000g\000r\000a\000p\000h\000y}{}% 23
