This file contains any messages produced by compilers while
running configure, to aid debugging if configure makes a mistake.

It was created by cudd configure 3.0.0, which was
generated by GNU Autoconf 2.69.  Invocation command line was

  $ ./configure CFLAGS=-Wall -Wextra -g -O3 -fPIC

## --------- ##
## Platform. ##
## --------- ##

hostname = nick-Aspire-5755G
uname -m = x86_64
uname -r = 4.10.0-42-generic
uname -s = Linux
uname -v = #46~16.04.1-Ubuntu SMP Mon Dec 4 15:57:59 UTC 2017

/usr/bin/uname -p = unknown
/bin/uname -X     = unknown

/bin/arch              = unknown
/usr/bin/arch -k       = unknown
/usr/convex/getsysinfo = unknown
/usr/bin/hostinfo      = unknown
/bin/machine           = unknown
/usr/bin/oslevel       = unknown
/bin/universe          = unknown

PATH: /usr/lib/swi-prolog/bin/amd64
PATH: /home/nick/bin
PATH: /home/nick/.local/bin
PATH: /usr/local/sbin
PATH: /usr/local/bin
PATH: /usr/sbin
PATH: /usr/bin
PATH: /sbin
PATH: /bin
PATH: /usr/games
PATH: /usr/local/games
PATH: /home/nick/.shbin
PATH: /snap/bin
PATH: /usr/lib/R
PATH: /usr/lib/jvm/java-8-oracle/bin
PATH: /usr/lib/jvm/java-8-oracle/db/bin
PATH: /usr/lib/jvm/java-8-oracle/jre/bin


## ----------- ##
## Core tests. ##
## ----------- ##

configure:2701: checking build system type
configure:2715: result: x86_64-unknown-linux-gnu
configure:2735: checking host system type
configure:2748: result: x86_64-unknown-linux-gnu
configure:2784: checking for a BSD-compatible install
configure:2852: result: /usr/bin/install -c
configure:2863: checking whether build environment is sane
configure:2918: result: yes
configure:3069: checking for a thread-safe mkdir -p
configure:3108: result: /bin/mkdir -p
configure:3115: checking for gawk
configure:3145: result: no
configure:3115: checking for mawk
configure:3131: found /usr/bin/mawk
configure:3142: result: mawk
configure:3153: checking whether make sets $(MAKE)
configure:3175: result: yes
configure:3204: checking whether make supports nested variables
configure:3221: result: yes
configure:3443: checking for gcc
configure:3470: result: gcc
configure:3699: checking for C compiler version
configure:3708: gcc --version >&5
gcc (Ubuntu 5.4.0-6ubuntu1~16.04.5) 5.4.0 20160609
Copyright (C) 2015 Free Software Foundation, Inc.
This is free software; see the source for copying conditions.  There is NO
warranty; not even for MERCHANTABILITY or FITNESS FOR A PARTICULAR PURPOSE.

configure:3719: $? = 0
configure:3708: gcc -v >&5
Using built-in specs.
COLLECT_GCC=gcc
COLLECT_LTO_WRAPPER=/usr/lib/gcc/x86_64-linux-gnu/5/lto-wrapper
Target: x86_64-linux-gnu
Configured with: ../src/configure -v --with-pkgversion='Ubuntu 5.4.0-6ubuntu1~16.04.5' --with-bugurl=file:///usr/share/doc/gcc-5/README.Bugs --enable-languages=c,ada,c++,java,go,d,fortran,objc,obj-c++ --prefix=/usr --program-suffix=-5 --enable-shared --enable-linker-build-id --libexecdir=/usr/lib --without-included-gettext --enable-threads=posix --libdir=/usr/lib --enable-nls --with-sysroot=/ --enable-clocale=gnu --enable-libstdcxx-debug --enable-libstdcxx-time=yes --with-default-libstdcxx-abi=new --enable-gnu-unique-object --disable-vtable-verify --enable-libmpx --enable-plugin --with-system-zlib --disable-browser-plugin --enable-java-awt=gtk --enable-gtk-cairo --with-java-home=/usr/lib/jvm/java-1.5.0-gcj-5-amd64/jre --enable-java-home --with-jvm-root-dir=/usr/lib/jvm/java-1.5.0-gcj-5-amd64 --with-jvm-jar-dir=/usr/lib/jvm-exports/java-1.5.0-gcj-5-amd64 --with-arch-directory=amd64 --with-ecj-jar=/usr/share/java/eclipse-ecj.jar --enable-objc-gc --enable-multiarch --disable-werror --with-arch-32=i686 --with-abi=m64 --with-multilib-list=m32,m64,mx32 --enable-multilib --with-tune=generic --enable-checking=release --build=x86_64-linux-gnu --host=x86_64-linux-gnu --target=x86_64-linux-gnu
Thread model: posix
gcc version 5.4.0 20160609 (Ubuntu 5.4.0-6ubuntu1~16.04.5) 
configure:3719: $? = 0
configure:3708: gcc -V >&5
gcc: error: unrecognized command line option '-V'
gcc: fatal error: no input files
compilation terminated.
configure:3719: $? = 1
configure:3708: gcc -qversion >&5
gcc: error: unrecognized command line option '-qversion'
gcc: fatal error: no input files
compilation terminated.
configure:3719: $? = 1
configure:3739: checking whether the C compiler works
configure:3761: gcc -Wall -Wextra -g -O3 -fPIC   conftest.c  >&5
configure:3765: $? = 0
configure:3813: result: yes
configure:3816: checking for C compiler default output file name
configure:3818: result: a.out
configure:3824: checking for suffix of executables
configure:3831: gcc -o conftest -Wall -Wextra -g -O3 -fPIC   conftest.c  >&5
configure:3835: $? = 0
configure:3857: result: 
configure:3879: checking whether we are cross compiling
configure:3887: gcc -o conftest -Wall -Wextra -g -O3 -fPIC   conftest.c  >&5
configure:3891: $? = 0
configure:3898: ./conftest
configure:3902: $? = 0
configure:3917: result: no
configure:3922: checking for suffix of object files
configure:3944: gcc -c -Wall -Wextra -g -O3 -fPIC  conftest.c >&5
configure:3948: $? = 0
configure:3969: result: o
configure:3973: checking whether we are using the GNU C compiler
configure:3992: gcc -c -Wall -Wextra -g -O3 -fPIC  conftest.c >&5
configure:3992: $? = 0
configure:4001: result: yes
configure:4010: checking whether gcc accepts -g
configure:4030: gcc -c -g  conftest.c >&5
configure:4030: $? = 0
configure:4071: result: yes
configure:4088: checking for gcc option to accept ISO C89
configure:4151: gcc  -c -Wall -Wextra -g -O3 -fPIC  conftest.c >&5
configure:4151: $? = 0
configure:4164: result: none needed
configure:4189: checking whether gcc understands -c and -o together
configure:4211: gcc -c conftest.c -o conftest2.o
configure:4214: $? = 0
configure:4211: gcc -c conftest.c -o conftest2.o
configure:4214: $? = 0
configure:4226: result: yes
configure:4254: checking for style of include used by make
configure:4282: result: GNU
configure:4308: checking dependency style of gcc
configure:4419: result: gcc3
configure:4492: checking for g++
configure:4508: found /usr/bin/g++
configure:4519: result: g++
configure:4546: checking for C++ compiler version
configure:4555: g++ --version >&5
g++ (Ubuntu 5.4.0-6ubuntu1~16.04.5) 5.4.0 20160609
Copyright (C) 2015 Free Software Foundation, Inc.
This is free software; see the source for copying conditions.  There is NO
warranty; not even for MERCHANTABILITY or FITNESS FOR A PARTICULAR PURPOSE.

configure:4566: $? = 0
configure:4555: g++ -v >&5
Using built-in specs.
COLLECT_GCC=g++
COLLECT_LTO_WRAPPER=/usr/lib/gcc/x86_64-linux-gnu/5/lto-wrapper
Target: x86_64-linux-gnu
Configured with: ../src/configure -v --with-pkgversion='Ubuntu 5.4.0-6ubuntu1~16.04.5' --with-bugurl=file:///usr/share/doc/gcc-5/README.Bugs --enable-languages=c,ada,c++,java,go,d,fortran,objc,obj-c++ --prefix=/usr --program-suffix=-5 --enable-shared --enable-linker-build-id --libexecdir=/usr/lib --without-included-gettext --enable-threads=posix --libdir=/usr/lib --enable-nls --with-sysroot=/ --enable-clocale=gnu --enable-libstdcxx-debug --enable-libstdcxx-time=yes --with-default-libstdcxx-abi=new --enable-gnu-unique-object --disable-vtable-verify --enable-libmpx --enable-plugin --with-system-zlib --disable-browser-plugin --enable-java-awt=gtk --enable-gtk-cairo --with-java-home=/usr/lib/jvm/java-1.5.0-gcj-5-amd64/jre --enable-java-home --with-jvm-root-dir=/usr/lib/jvm/java-1.5.0-gcj-5-amd64 --with-jvm-jar-dir=/usr/lib/jvm-exports/java-1.5.0-gcj-5-amd64 --with-arch-directory=amd64 --with-ecj-jar=/usr/share/java/eclipse-ecj.jar --enable-objc-gc --enable-multiarch --disable-werror --with-arch-32=i686 --with-abi=m64 --with-multilib-list=m32,m64,mx32 --enable-multilib --with-tune=generic --enable-checking=release --build=x86_64-linux-gnu --host=x86_64-linux-gnu --target=x86_64-linux-gnu
Thread model: posix
gcc version 5.4.0 20160609 (Ubuntu 5.4.0-6ubuntu1~16.04.5) 
configure:4566: $? = 0
configure:4555: g++ -V >&5
g++: error: unrecognized command line option '-V'
g++: fatal error: no input files
compilation terminated.
configure:4566: $? = 1
configure:4555: g++ -qversion >&5
g++: error: unrecognized command line option '-qversion'
g++: fatal error: no input files
compilation terminated.
configure:4566: $? = 1
configure:4570: checking whether we are using the GNU C++ compiler
configure:4589: g++ -c -Wall -Wextra -std=c++0x -g -O3  conftest.cpp >&5
configure:4589: $? = 0
configure:4598: result: yes
configure:4607: checking whether g++ accepts -g
configure:4627: g++ -c -g  conftest.cpp >&5
configure:4627: $? = 0
configure:4668: result: yes
configure:4693: checking dependency style of g++
configure:4804: result: gcc3
configure:4869: checking for ar
configure:4885: found /usr/bin/ar
configure:4896: result: ar
configure:4922: checking the archiver (ar) interface
configure:4938: gcc -c -Wall -Wextra -g -O3 -fPIC  conftest.c >&5
configure:4938: $? = 0
configure:4940: ar cru libconftest.a conftest.o >&5
ar: `u' modifier ignored since `D' is the default (see `U')
configure:4943: $? = 0
configure:4971: result: ar
configure:5038: checking how to print strings
configure:5065: result: printf
configure:5086: checking for a sed that does not truncate output
configure:5150: result: /bin/sed
configure:5168: checking for grep that handles long lines and -e
configure:5226: result: /bin/grep
configure:5231: checking for egrep
configure:5293: result: /bin/grep -E
configure:5298: checking for fgrep
configure:5360: result: /bin/grep -F
configure:5395: checking for ld used by gcc
configure:5462: result: gcc
configure:5469: checking if the linker (gcc) is GNU ld
configure:5484: result: no
configure:5496: checking for BSD- or MS-compatible name lister (nm)
configure:5545: result: /usr/bin/nm -B
configure:5675: checking the name lister (/usr/bin/nm -B) interface
configure:5682: gcc -c -Wall -Wextra -g -O3 -fPIC  conftest.c >&5
configure:5685: /usr/bin/nm -B "conftest.o"
configure:5688: output
0000000000000000 B some_variable
configure:5695: result: BSD nm
configure:5698: checking whether ln -s works
configure:5702: result: yes
configure:5710: checking the maximum length of command line arguments
configure:5841: result: 1572864
configure:5858: checking whether the shell understands some XSI constructs
configure:5868: result: yes
configure:5872: checking whether the shell understands "+="
configure:5878: result: yes
configure:5913: checking how to convert x86_64-unknown-linux-gnu file names to x86_64-unknown-linux-gnu format
configure:5953: result: func_convert_file_noop
configure:5960: checking how to convert x86_64-unknown-linux-gnu file names to toolchain format
configure:5980: result: func_convert_file_noop
configure:5987: checking for gcc option to reload object files
configure:5994: result: -r
configure:6068: checking for objdump
configure:6084: found /usr/bin/objdump
configure:6095: result: objdump
configure:6124: checking how to recognize dependent libraries
configure:6322: result: pass_all
configure:6407: checking for dlltool
configure:6437: result: no
configure:6464: checking how to associate runtime and link libraries
configure:6491: result: printf %s\n
configure:6615: checking for archiver @FILE support
configure:6632: gcc -c -Wall -Wextra -g -O3 -fPIC  conftest.c >&5
configure:6632: $? = 0
configure:6635: ar cru libconftest.a @conftest.lst >&5
ar: `u' modifier ignored since `D' is the default (see `U')
configure:6638: $? = 0
configure:6643: ar cru libconftest.a @conftest.lst >&5
ar: `u' modifier ignored since `D' is the default (see `U')
ar: conftest.o: No such file or directory
configure:6646: $? = 1
configure:6658: result: @
configure:6716: checking for strip
configure:6732: found /usr/bin/strip
configure:6743: result: strip
configure:6815: checking for ranlib
configure:6831: found /usr/bin/ranlib
configure:6842: result: ranlib
configure:6944: checking command to parse /usr/bin/nm -B output from gcc object
configure:7064: gcc -c -Wall -Wextra -g -O3 -fPIC  conftest.c >&5
configure:7067: $? = 0
configure:7071: /usr/bin/nm -B conftest.o \| sed -n -e 's/^.*[ ]\([ABCDGIRSTW][ABCDGIRSTW]*\)[ ][ ]*\([_A-Za-z][_A-Za-z0-9]*\)$/\1 \2 \2/p' | sed '/ __gnu_lto/d' \> conftest.nm
configure:7074: $? = 0
configure:7140: gcc -o conftest -Wall -Wextra -g -O3 -fPIC   conftest.c conftstm.o >&5
configure:7143: $? = 0
configure:7181: result: ok
configure:7218: checking for sysroot
configure:7248: result: no
configure:7325: gcc -c -Wall -Wextra -g -O3 -fPIC  conftest.c >&5
configure:7328: $? = 0
configure:7517: checking for mt
configure:7533: found /bin/mt
configure:7544: result: mt
configure:7567: checking if mt is a manifest tool
configure:7573: mt '-?'
configure:7581: result: no
configure:8223: checking how to run the C preprocessor
configure:8254: gcc -E  conftest.c
configure:8254: $? = 0
configure:8268: gcc -E  conftest.c
conftest.c:11:28: fatal error: ac_nonexistent.h: No such file or directory
compilation terminated.
configure:8268: $? = 1
configure: failed program was:
| /* confdefs.h */
| #define PACKAGE_NAME "cudd"
| #define PACKAGE_TARNAME "cudd"
| #define PACKAGE_VERSION "3.0.0"
| #define PACKAGE_STRING "cudd 3.0.0"
| #define PACKAGE_BUGREPORT "Fabio@Colorado.EDU"
| #define PACKAGE_URL ""
| #define PACKAGE "cudd"
| #define VERSION "3.0.0"
| /* end confdefs.h.  */
| #include <ac_nonexistent.h>
configure:8293: result: gcc -E
configure:8313: gcc -E  conftest.c
configure:8313: $? = 0
configure:8327: gcc -E  conftest.c
conftest.c:11:28: fatal error: ac_nonexistent.h: No such file or directory
compilation terminated.
configure:8327: $? = 1
configure: failed program was:
| /* confdefs.h */
| #define PACKAGE_NAME "cudd"
| #define PACKAGE_TARNAME "cudd"
| #define PACKAGE_VERSION "3.0.0"
| #define PACKAGE_STRING "cudd 3.0.0"
| #define PACKAGE_BUGREPORT "Fabio@Colorado.EDU"
| #define PACKAGE_URL ""
| #define PACKAGE "cudd"
| #define VERSION "3.0.0"
| /* end confdefs.h.  */
| #include <ac_nonexistent.h>
configure:8356: checking for ANSI C header files
configure:8376: gcc -c -Wall -Wextra -g -O3 -fPIC  conftest.c >&5
configure:8376: $? = 0
configure:8449: gcc -o conftest -Wall -Wextra -g -O3 -fPIC   conftest.c  >&5
configure:8449: $? = 0
configure:8449: ./conftest
configure:8449: $? = 0
configure:8460: result: yes
configure:8473: checking for sys/types.h
configure:8473: gcc -c -Wall -Wextra -g -O3 -fPIC  conftest.c >&5
configure:8473: $? = 0
configure:8473: result: yes
configure:8473: checking for sys/stat.h
configure:8473: gcc -c -Wall -Wextra -g -O3 -fPIC  conftest.c >&5
configure:8473: $? = 0
configure:8473: result: yes
configure:8473: checking for stdlib.h
configure:8473: gcc -c -Wall -Wextra -g -O3 -fPIC  conftest.c >&5
configure:8473: $? = 0
configure:8473: result: yes
configure:8473: checking for string.h
configure:8473: gcc -c -Wall -Wextra -g -O3 -fPIC  conftest.c >&5
configure:8473: $? = 0
configure:8473: result: yes
configure:8473: checking for memory.h
configure:8473: gcc -c -Wall -Wextra -g -O3 -fPIC  conftest.c >&5
configure:8473: $? = 0
configure:8473: result: yes
configure:8473: checking for strings.h
configure:8473: gcc -c -Wall -Wextra -g -O3 -fPIC  conftest.c >&5
configure:8473: $? = 0
configure:8473: result: yes
configure:8473: checking for inttypes.h
configure:8473: gcc -c -Wall -Wextra -g -O3 -fPIC  conftest.c >&5
configure:8473: $? = 0
configure:8473: result: yes
configure:8473: checking for stdint.h
configure:8473: gcc -c -Wall -Wextra -g -O3 -fPIC  conftest.c >&5
configure:8473: $? = 0
configure:8473: result: yes
configure:8473: checking for unistd.h
configure:8473: gcc -c -Wall -Wextra -g -O3 -fPIC  conftest.c >&5
configure:8473: $? = 0
configure:8473: result: yes
configure:8487: checking for dlfcn.h
configure:8487: gcc -c -Wall -Wextra -g -O3 -fPIC  conftest.c >&5
configure:8487: $? = 0
configure:8487: result: yes
configure:9001: checking for objdir
configure:9016: result: .libs
configure:9287: checking if gcc supports -fno-rtti -fno-exceptions
configure:9305: gcc -c -Wall -Wextra -g -O3 -fPIC  -fno-rtti -fno-exceptions conftest.c >&5
cc1: warning: command line option '-fno-rtti' is valid for C++/ObjC++ but not for C
configure:9309: $? = 0
configure:9322: result: no
configure:9649: checking for gcc option to produce PIC
configure:9656: result: -fPIC -DPIC
configure:9664: checking if gcc PIC flag -fPIC -DPIC works
configure:9682: gcc -c -Wall -Wextra -g -O3 -fPIC  -fPIC -DPIC -DPIC conftest.c >&5
configure:9686: $? = 0
configure:9699: result: yes
configure:9728: checking if gcc static flag -static works
configure:9756: result: yes
configure:9771: checking if gcc supports -c -o file.o
configure:9792: gcc -c -Wall -Wextra -g -O3 -fPIC  -o out/conftest2.o conftest.c >&5
configure:9796: $? = 0
configure:9818: result: yes
configure:9826: checking if gcc supports -c -o file.o
configure:9873: result: yes
configure:9906: checking whether the gcc linker (gcc -m elf_x86_64) supports shared libraries
configure:11063: result: no
configure:11303: checking dynamic linker characteristics
configure:11803: gcc -o conftest -Wall -Wextra -g -O3 -fPIC    conftest.c  >&5
configure:11803: $? = 0
configure:12037: result: GNU/Linux ld.so
configure:12144: checking how to hardcode library paths into programs
configure:12169: result: unsupported
configure:12709: checking whether stripping libraries is possible
configure:12714: result: yes
configure:12749: checking if libtool supports shared libraries
configure:12751: result: no
configure:12754: checking whether to build shared libraries
configure:12775: result: no
configure:12778: checking whether to build static libraries
configure:12782: result: yes
configure:12805: checking how to run the C++ preprocessor
configure:12832: g++ -E  conftest.cpp
configure:12832: $? = 0
configure:12846: g++ -E  conftest.cpp
conftest.cpp:23:28: fatal error: ac_nonexistent.h: No such file or directory
compilation terminated.
configure:12846: $? = 1
configure: failed program was:
| /* confdefs.h */
| #define PACKAGE_NAME "cudd"
| #define PACKAGE_TARNAME "cudd"
| #define PACKAGE_VERSION "3.0.0"
| #define PACKAGE_STRING "cudd 3.0.0"
| #define PACKAGE_BUGREPORT "Fabio@Colorado.EDU"
| #define PACKAGE_URL ""
| #define PACKAGE "cudd"
| #define VERSION "3.0.0"
| #define STDC_HEADERS 1
| #define HAVE_SYS_TYPES_H 1
| #define HAVE_SYS_STAT_H 1
| #define HAVE_STDLIB_H 1
| #define HAVE_STRING_H 1
| #define HAVE_MEMORY_H 1
| #define HAVE_STRINGS_H 1
| #define HAVE_INTTYPES_H 1
| #define HAVE_STDINT_H 1
| #define HAVE_UNISTD_H 1
| #define HAVE_DLFCN_H 1
| #define LT_OBJDIR ".libs/"
| /* end confdefs.h.  */
| #include <ac_nonexistent.h>
configure:12871: result: g++ -E
configure:12891: g++ -E  conftest.cpp
configure:12891: $? = 0
configure:12905: g++ -E  conftest.cpp
conftest.cpp:23:28: fatal error: ac_nonexistent.h: No such file or directory
compilation terminated.
configure:12905: $? = 1
configure: failed program was:
| /* confdefs.h */
| #define PACKAGE_NAME "cudd"
| #define PACKAGE_TARNAME "cudd"
| #define PACKAGE_VERSION "3.0.0"
| #define PACKAGE_STRING "cudd 3.0.0"
| #define PACKAGE_BUGREPORT "Fabio@Colorado.EDU"
| #define PACKAGE_URL ""
| #define PACKAGE "cudd"
| #define VERSION "3.0.0"
| #define STDC_HEADERS 1
| #define HAVE_SYS_TYPES_H 1
| #define HAVE_SYS_STAT_H 1
| #define HAVE_STDLIB_H 1
| #define HAVE_STRING_H 1
| #define HAVE_MEMORY_H 1
| #define HAVE_STRINGS_H 1
| #define HAVE_INTTYPES_H 1
| #define HAVE_STDINT_H 1
| #define HAVE_UNISTD_H 1
| #define HAVE_DLFCN_H 1
| #define LT_OBJDIR ".libs/"
| /* end confdefs.h.  */
| #include <ac_nonexistent.h>
configure:13074: checking for ld used by g++
configure:13141: result: gcc -m elf_x86_64
configure:13148: checking if the linker (gcc -m elf_x86_64) is GNU ld
configure:13163: result: no
configure:13218: checking whether the g++ linker (gcc -m elf_x86_64) supports shared libraries
configure:14220: result: yes
configure:14256: g++ -c -Wall -Wextra -std=c++0x -g -O3  conftest.cpp >&5
configure:14259: $? = 0
configure:14779: checking for g++ option to produce PIC
configure:14786: result: -fPIC -DPIC
configure:14794: checking if g++ PIC flag -fPIC -DPIC works
configure:14812: g++ -c -Wall -Wextra -std=c++0x -g -O3  -fPIC -DPIC -DPIC conftest.cpp >&5
configure:14816: $? = 0
configure:14829: result: yes
configure:14852: checking if g++ static flag -static works
configure:14880: result: yes
configure:14892: checking if g++ supports -c -o file.o
configure:14913: g++ -c -Wall -Wextra -std=c++0x -g -O3  -o out/conftest2.o conftest.cpp >&5
configure:14917: $? = 0
configure:14939: result: yes
configure:14944: checking if g++ supports -c -o file.o
configure:14991: result: yes
configure:15021: checking whether the g++ linker (gcc -m elf_x86_64) supports shared libraries
configure:15060: result: yes
configure:15201: checking dynamic linker characteristics
configure:15869: result: GNU/Linux ld.so
configure:15922: checking how to hardcode library paths into programs
configure:15947: result: unsupported
configure:16014: checking whether byte ordering is bigendian
configure:16029: gcc -c -Wall -Wextra -g -O3 -fPIC  conftest.c >&5
conftest.c:24:9: error: unknown type name 'not'
         not a universal capable compiler
         ^
conftest.c:24:15: error: expected '=', ',', ';', 'asm' or '__attribute__' before 'universal'
         not a universal capable compiler
               ^
conftest.c:24:15: error: unknown type name 'universal'
configure:16029: $? = 1
configure: failed program was:
| /* confdefs.h */
| #define PACKAGE_NAME "cudd"
| #define PACKAGE_TARNAME "cudd"
| #define PACKAGE_VERSION "3.0.0"
| #define PACKAGE_STRING "cudd 3.0.0"
| #define PACKAGE_BUGREPORT "Fabio@Colorado.EDU"
| #define PACKAGE_URL ""
| #define PACKAGE "cudd"
| #define VERSION "3.0.0"
| #define STDC_HEADERS 1
| #define HAVE_SYS_TYPES_H 1
| #define HAVE_SYS_STAT_H 1
| #define HAVE_STDLIB_H 1
| #define HAVE_STRING_H 1
| #define HAVE_MEMORY_H 1
| #define HAVE_STRINGS_H 1
| #define HAVE_INTTYPES_H 1
| #define HAVE_STDINT_H 1
| #define HAVE_UNISTD_H 1
| #define HAVE_DLFCN_H 1
| #define LT_OBJDIR ".libs/"
| /* end confdefs.h.  */
| #ifndef __APPLE_CC__
| 	       not a universal capable compiler
| 	     #endif
| 	     typedef int dummy;
| 
configure:16074: gcc -c -Wall -Wextra -g -O3 -fPIC  conftest.c >&5
configure:16074: $? = 0
configure:16092: gcc -c -Wall -Wextra -g -O3 -fPIC  conftest.c >&5
conftest.c: In function 'main':
conftest.c:30:4: error: unknown type name 'not'
    not big endian
    ^
conftest.c:30:12: error: expected '=', ',', ';', 'asm' or '__attribute__' before 'endian'
    not big endian
            ^
configure:16092: $? = 1
configure: failed program was:
| /* confdefs.h */
| #define PACKAGE_NAME "cudd"
| #define PACKAGE_TARNAME "cudd"
| #define PACKAGE_VERSION "3.0.0"
| #define PACKAGE_STRING "cudd 3.0.0"
| #define PACKAGE_BUGREPORT "Fabio@Colorado.EDU"
| #define PACKAGE_URL ""
| #define PACKAGE "cudd"
| #define VERSION "3.0.0"
| #define STDC_HEADERS 1
| #define HAVE_SYS_TYPES_H 1
| #define HAVE_SYS_STAT_H 1
| #define HAVE_STDLIB_H 1
| #define HAVE_STRING_H 1
| #define HAVE_MEMORY_H 1
| #define HAVE_STRINGS_H 1
| #define HAVE_INTTYPES_H 1
| #define HAVE_STDINT_H 1
| #define HAVE_UNISTD_H 1
| #define HAVE_DLFCN_H 1
| #define LT_OBJDIR ".libs/"
| /* end confdefs.h.  */
| #include <sys/types.h>
| 		#include <sys/param.h>
| 
| int
| main ()
| {
| #if BYTE_ORDER != BIG_ENDIAN
| 		 not big endian
| 		#endif
| 
|   ;
|   return 0;
| }
configure:16220: result: no
configure:16252: checking for doxygen
configure:16282: result: no
configure:16291: WARNING: Doxygen not found - continuing without Doxygen support
configure:16311: checking for pdflatex
configure:16341: result: no
configure:16350: WARNING: pdflatex not found - unable to compile manual to PDF
configure:16357: checking for makeindex
configure:16387: result: no
configure:16396: WARNING: makeindex not found - unable to compile manual to PDF
configure:16414: checking for library containing pow
configure:16445: gcc -o conftest -Wall -Wextra -g -O3 -fPIC   conftest.c  >&5
conftest.c:30:6: warning: conflicting types for built-in function 'pow'
 char pow ();
      ^
/tmp/ccJ5fy1c.o: In function `main':
/home/nick/lib/swipl/pack/cplint/cudd-3.0.0/conftest.c:34: undefined reference to `pow'
collect2: error: ld returned 1 exit status
configure:16445: $? = 1
configure: failed program was:
| /* confdefs.h */
| #define PACKAGE_NAME "cudd"
| #define PACKAGE_TARNAME "cudd"
| #define PACKAGE_VERSION "3.0.0"
| #define PACKAGE_STRING "cudd 3.0.0"
| #define PACKAGE_BUGREPORT "Fabio@Colorado.EDU"
| #define PACKAGE_URL ""
| #define PACKAGE "cudd"
| #define VERSION "3.0.0"
| #define STDC_HEADERS 1
| #define HAVE_SYS_TYPES_H 1
| #define HAVE_SYS_STAT_H 1
| #define HAVE_STDLIB_H 1
| #define HAVE_STRING_H 1
| #define HAVE_MEMORY_H 1
| #define HAVE_STRINGS_H 1
| #define HAVE_INTTYPES_H 1
| #define HAVE_STDINT_H 1
| #define HAVE_UNISTD_H 1
| #define HAVE_DLFCN_H 1
| #define LT_OBJDIR ".libs/"
| /* end confdefs.h.  */
| 
| /* Override any GCC internal prototype to avoid an error.
|    Use char because int might match the return type of a GCC
|    builtin and then its argument prototype would still apply.  */
| #ifdef __cplusplus
| extern "C"
| #endif
| char pow ();
| int
| main ()
| {
| return pow ();
|   ;
|   return 0;
| }
configure:16445: gcc -o conftest -Wall -Wextra -g -O3 -fPIC   conftest.c -lm   >&5
conftest.c:30:6: warning: conflicting types for built-in function 'pow'
 char pow ();
      ^
configure:16445: $? = 0
configure:16462: result: -lm
configure:16470: checking for pthread_create in -lpthread
configure:16495: gcc -o conftest -Wall -Wextra -g -O3 -fPIC   conftest.c -lpthread  -lm  >&5
configure:16495: $? = 0
configure:16504: result: yes
configure:16521: checking for library containing WSAStartup
configure:16552: gcc -o conftest -Wall -Wextra -g -O3 -fPIC   conftest.c -lm  >&5
/tmp/cc5uL0uj.o: In function `main':
/home/nick/lib/swipl/pack/cplint/cudd-3.0.0/conftest.c:34: undefined reference to `WSAStartup'
collect2: error: ld returned 1 exit status
configure:16552: $? = 1
configure: failed program was:
| /* confdefs.h */
| #define PACKAGE_NAME "cudd"
| #define PACKAGE_TARNAME "cudd"
| #define PACKAGE_VERSION "3.0.0"
| #define PACKAGE_STRING "cudd 3.0.0"
| #define PACKAGE_BUGREPORT "Fabio@Colorado.EDU"
| #define PACKAGE_URL ""
| #define PACKAGE "cudd"
| #define VERSION "3.0.0"
| #define STDC_HEADERS 1
| #define HAVE_SYS_TYPES_H 1
| #define HAVE_SYS_STAT_H 1
| #define HAVE_STDLIB_H 1
| #define HAVE_STRING_H 1
| #define HAVE_MEMORY_H 1
| #define HAVE_STRINGS_H 1
| #define HAVE_INTTYPES_H 1
| #define HAVE_STDINT_H 1
| #define HAVE_UNISTD_H 1
| #define HAVE_DLFCN_H 1
| #define LT_OBJDIR ".libs/"
| /* end confdefs.h.  */
| 
| /* Override any GCC internal prototype to avoid an error.
|    Use char because int might match the return type of a GCC
|    builtin and then its argument prototype would still apply.  */
| #ifdef __cplusplus
| extern "C"
| #endif
| char WSAStartup ();
| int
| main ()
| {
| return WSAStartup ();
|   ;
|   return 0;
| }
configure:16552: gcc -o conftest -Wall -Wextra -g -O3 -fPIC   conftest.c -lws2_32  -lm  >&5
/usr/bin/ld: cannot find -lws2_32
collect2: error: ld returned 1 exit status
configure:16552: $? = 1
configure: failed program was:
| /* confdefs.h */
| #define PACKAGE_NAME "cudd"
| #define PACKAGE_TARNAME "cudd"
| #define PACKAGE_VERSION "3.0.0"
| #define PACKAGE_STRING "cudd 3.0.0"
| #define PACKAGE_BUGREPORT "Fabio@Colorado.EDU"
| #define PACKAGE_URL ""
| #define PACKAGE "cudd"
| #define VERSION "3.0.0"
| #define STDC_HEADERS 1
| #define HAVE_SYS_TYPES_H 1
| #define HAVE_SYS_STAT_H 1
| #define HAVE_STDLIB_H 1
| #define HAVE_STRING_H 1
| #define HAVE_MEMORY_H 1
| #define HAVE_STRINGS_H 1
| #define HAVE_INTTYPES_H 1
| #define HAVE_STDINT_H 1
| #define HAVE_UNISTD_H 1
| #define HAVE_DLFCN_H 1
| #define LT_OBJDIR ".libs/"
| /* end confdefs.h.  */
| 
| /* Override any GCC internal prototype to avoid an error.
|    Use char because int might match the return type of a GCC
|    builtin and then its argument prototype would still apply.  */
| #ifdef __cplusplus
| extern "C"
| #endif
| char WSAStartup ();
| int
| main ()
| {
| return WSAStartup ();
|   ;
|   return 0;
| }
configure:16569: result: no
configure:16577: checking for library containing GetProcessMemoryInfo
configure:16608: gcc -o conftest -Wall -Wextra -g -O3 -fPIC   conftest.c -lm  >&5
/tmp/ccQGYQto.o: In function `main':
/home/nick/lib/swipl/pack/cplint/cudd-3.0.0/conftest.c:34: undefined reference to `GetProcessMemoryInfo'
collect2: error: ld returned 1 exit status
configure:16608: $? = 1
configure: failed program was:
| /* confdefs.h */
| #define PACKAGE_NAME "cudd"
| #define PACKAGE_TARNAME "cudd"
| #define PACKAGE_VERSION "3.0.0"
| #define PACKAGE_STRING "cudd 3.0.0"
| #define PACKAGE_BUGREPORT "Fabio@Colorado.EDU"
| #define PACKAGE_URL ""
| #define PACKAGE "cudd"
| #define VERSION "3.0.0"
| #define STDC_HEADERS 1
| #define HAVE_SYS_TYPES_H 1
| #define HAVE_SYS_STAT_H 1
| #define HAVE_STDLIB_H 1
| #define HAVE_STRING_H 1
| #define HAVE_MEMORY_H 1
| #define HAVE_STRINGS_H 1
| #define HAVE_INTTYPES_H 1
| #define HAVE_STDINT_H 1
| #define HAVE_UNISTD_H 1
| #define HAVE_DLFCN_H 1
| #define LT_OBJDIR ".libs/"
| /* end confdefs.h.  */
| 
| /* Override any GCC internal prototype to avoid an error.
|    Use char because int might match the return type of a GCC
|    builtin and then its argument prototype would still apply.  */
| #ifdef __cplusplus
| extern "C"
| #endif
| char GetProcessMemoryInfo ();
| int
| main ()
| {
| return GetProcessMemoryInfo ();
|   ;
|   return 0;
| }
configure:16608: gcc -o conftest -Wall -Wextra -g -O3 -fPIC   conftest.c -lpsapi  -lm  >&5
/usr/bin/ld: cannot find -lpsapi
collect2: error: ld returned 1 exit status
configure:16608: $? = 1
configure: failed program was:
| /* confdefs.h */
| #define PACKAGE_NAME "cudd"
| #define PACKAGE_TARNAME "cudd"
| #define PACKAGE_VERSION "3.0.0"
| #define PACKAGE_STRING "cudd 3.0.0"
| #define PACKAGE_BUGREPORT "Fabio@Colorado.EDU"
| #define PACKAGE_URL ""
| #define PACKAGE "cudd"
| #define VERSION "3.0.0"
| #define STDC_HEADERS 1
| #define HAVE_SYS_TYPES_H 1
| #define HAVE_SYS_STAT_H 1
| #define HAVE_STDLIB_H 1
| #define HAVE_STRING_H 1
| #define HAVE_MEMORY_H 1
| #define HAVE_STRINGS_H 1
| #define HAVE_INTTYPES_H 1
| #define HAVE_STDINT_H 1
| #define HAVE_UNISTD_H 1
| #define HAVE_DLFCN_H 1
| #define LT_OBJDIR ".libs/"
| /* end confdefs.h.  */
| 
| /* Override any GCC internal prototype to avoid an error.
|    Use char because int might match the return type of a GCC
|    builtin and then its argument prototype would still apply.  */
| #ifdef __cplusplus
| extern "C"
| #endif
| char GetProcessMemoryInfo ();
| int
| main ()
| {
| return GetProcessMemoryInfo ();
|   ;
|   return 0;
| }
configure:16625: result: no
configure:16639: checking float.h usability
configure:16639: gcc -c -Wall -Wextra -g -O3 -fPIC  conftest.c >&5
configure:16639: $? = 0
configure:16639: result: yes
configure:16639: checking float.h presence
configure:16639: gcc -E  conftest.c
configure:16639: $? = 0
configure:16639: result: yes
configure:16639: checking for float.h
configure:16639: result: yes
configure:16639: checking for inttypes.h
configure:16639: result: yes
configure:16639: checking limits.h usability
configure:16639: gcc -c -Wall -Wextra -g -O3 -fPIC  conftest.c >&5
configure:16639: $? = 0
configure:16639: result: yes
configure:16639: checking limits.h presence
configure:16639: gcc -E  conftest.c
configure:16639: $? = 0
configure:16639: result: yes
configure:16639: checking for limits.h
configure:16639: result: yes
configure:16639: checking stddef.h usability
configure:16639: gcc -c -Wall -Wextra -g -O3 -fPIC  conftest.c >&5
configure:16639: $? = 0
configure:16639: result: yes
configure:16639: checking stddef.h presence
configure:16639: gcc -E  conftest.c
configure:16639: $? = 0
configure:16639: result: yes
configure:16639: checking for stddef.h
configure:16639: result: yes
configure:16639: checking for stdlib.h
configure:16639: result: yes
configure:16639: checking for string.h
configure:16639: result: yes
configure:16639: checking assert.h usability
configure:16639: gcc -c -Wall -Wextra -g -O3 -fPIC  conftest.c >&5
configure:16639: $? = 0
configure:16639: result: yes
configure:16639: checking assert.h presence
configure:16639: gcc -E  conftest.c
configure:16639: $? = 0
configure:16639: result: yes
configure:16639: checking for assert.h
configure:16639: result: yes
configure:16639: checking math.h usability
configure:16639: gcc -c -Wall -Wextra -g -O3 -fPIC  conftest.c >&5
configure:16639: $? = 0
configure:16639: result: yes
configure:16639: checking math.h presence
configure:16639: gcc -E  conftest.c
configure:16639: $? = 0
configure:16639: result: yes
configure:16639: checking for math.h
configure:16639: result: yes
configure:16658: checking for unistd.h
configure:16658: result: yes
configure:16658: checking sys/time.h usability
configure:16658: gcc -c -Wall -Wextra -g -O3 -fPIC  conftest.c >&5
configure:16658: $? = 0
configure:16658: result: yes
configure:16658: checking sys/time.h presence
configure:16658: gcc -E  conftest.c
configure:16658: $? = 0
configure:16658: result: yes
configure:16658: checking for sys/time.h
configure:16658: result: yes
configure:16658: checking sys/times.h usability
configure:16658: gcc -c -Wall -Wextra -g -O3 -fPIC  conftest.c >&5
configure:16658: $? = 0
configure:16658: result: yes
configure:16658: checking sys/times.h presence
configure:16658: gcc -E  conftest.c
configure:16658: $? = 0
configure:16658: result: yes
configure:16658: checking for sys/times.h
configure:16658: result: yes
configure:16658: checking sys/resource.h usability
configure:16658: gcc -c -Wall -Wextra -g -O3 -fPIC  conftest.c >&5
configure:16658: $? = 0
configure:16658: result: yes
configure:16658: checking sys/resource.h presence
configure:16658: gcc -E  conftest.c
configure:16658: $? = 0
configure:16658: result: yes
configure:16658: checking for sys/resource.h
configure:16658: result: yes
configure:16658: checking sys/wait.h usability
configure:16658: gcc -c -Wall -Wextra -g -O3 -fPIC  conftest.c >&5
configure:16658: $? = 0
configure:16658: result: yes
configure:16658: checking sys/wait.h presence
configure:16658: gcc -E  conftest.c
configure:16658: $? = 0
configure:16658: result: yes
configure:16658: checking for sys/wait.h
configure:16658: result: yes
configure:16669: checking for working C++ thread header
configure:16688: g++ -c -Wall -Wextra -std=c++0x -g -O3  conftest.cpp >&5
configure:16688: $? = 0
configure:16701: result: yes
configure:16712: checking for stdbool.h that conforms to C99
configure:16779: gcc -c -Wall -Wextra -g -O3 -fPIC  conftest.c >&5
conftest.c: In function 'main':
conftest.c:86:14: warning: the address of 's' will always evaluate as 'true' [-Waddress]
              bool e = &s;
              ^
conftest.c:90:22: warning: the address of 'a' will always evaluate as 'true' [-Waddress]
              return (!a + !b + !c + !d + !e + !f + !g + !h + !i + !!j + !k + !!l
                      ^
conftest.c:90:27: warning: the address of 'b' will always evaluate as 'true' [-Waddress]
              return (!a + !b + !c + !d + !e + !f + !g + !h + !i + !!j + !k + !!l
                           ^
conftest.c:90:32: warning: the address of 'c' will always evaluate as 'true' [-Waddress]
              return (!a + !b + !c + !d + !e + !f + !g + !h + !i + !!j + !k + !!l
                                ^
conftest.c:90:37: warning: the address of 'd' will always evaluate as 'true' [-Waddress]
              return (!a + !b + !c + !d + !e + !f + !g + !h + !i + !!j + !k + !!l
                                     ^
conftest.c:90:47: warning: the address of 'f' will always evaluate as 'true' [-Waddress]
              return (!a + !b + !c + !d + !e + !f + !g + !h + !i + !!j + !k + !!l
                                               ^
conftest.c:90:52: warning: the address of 'g' will always evaluate as 'true' [-Waddress]
              return (!a + !b + !c + !d + !e + !f + !g + !h + !i + !!j + !k + !!l
                                                    ^
conftest.c:90:57: warning: the address of 'h' will always evaluate as 'true' [-Waddress]
              return (!a + !b + !c + !d + !e + !f + !g + !h + !i + !!j + !k + !!l
                                                         ^
conftest.c:90:62: warning: the address of 'i' will always evaluate as 'true' [-Waddress]
              return (!a + !b + !c + !d + !e + !f + !g + !h + !i + !!j + !k + !!l
                                                              ^
conftest.c:91:29: warning: the address of 'n' will always evaluate as 'true' [-Waddress]
                             ^
conftest.c:91:34: warning: the address of 'o' will always evaluate as 'true' [-Waddress]
                                  ^
conftest.c:91:39: warning: the address of 'p' will always evaluate as 'true' [-Waddress]
                                       ^
configure:16779: $? = 0
configure:16786: result: yes
configure:16788: checking for _Bool
configure:16788: gcc -c -Wall -Wextra -g -O3 -fPIC  conftest.c >&5
configure:16788: $? = 0
configure:16788: gcc -c -Wall -Wextra -g -O3 -fPIC  conftest.c >&5
conftest.c: In function 'main':
conftest.c:73:20: error: expected expression before ')' token
 if (sizeof ((_Bool)))
                    ^
configure:16788: $? = 1
configure: failed program was:
| /* confdefs.h */
| #define PACKAGE_NAME "cudd"
| #define PACKAGE_TARNAME "cudd"
| #define PACKAGE_VERSION "3.0.0"
| #define PACKAGE_STRING "cudd 3.0.0"
| #define PACKAGE_BUGREPORT "Fabio@Colorado.EDU"
| #define PACKAGE_URL ""
| #define PACKAGE "cudd"
| #define VERSION "3.0.0"
| #define STDC_HEADERS 1
| #define HAVE_SYS_TYPES_H 1
| #define HAVE_SYS_STAT_H 1
| #define HAVE_STDLIB_H 1
| #define HAVE_STRING_H 1
| #define HAVE_MEMORY_H 1
| #define HAVE_STRINGS_H 1
| #define HAVE_INTTYPES_H 1
| #define HAVE_STDINT_H 1
| #define HAVE_UNISTD_H 1
| #define HAVE_DLFCN_H 1
| #define LT_OBJDIR ".libs/"
| #define HAVE_FLOAT_H 1
| #define HAVE_INTTYPES_H 1
| #define HAVE_LIMITS_H 1
| #define HAVE_STDDEF_H 1
| #define HAVE_STDLIB_H 1
| #define HAVE_STRING_H 1
| #define HAVE_ASSERT_H 1
| #define HAVE_MATH_H 1
| #define HAVE_UNISTD_H 1
| #define HAVE_SYS_TIME_H 1
| #define HAVE_SYS_TIMES_H 1
| #define HAVE_SYS_RESOURCE_H 1
| #define HAVE_SYS_WAIT_H 1
| #define HAVE_WORKING_THREAD 1
| /* end confdefs.h.  */
| #include <stdio.h>
| #ifdef HAVE_SYS_TYPES_H
| # include <sys/types.h>
| #endif
| #ifdef HAVE_SYS_STAT_H
| # include <sys/stat.h>
| #endif
| #ifdef STDC_HEADERS
| # include <stdlib.h>
| # include <stddef.h>
| #else
| # ifdef HAVE_STDLIB_H
| #  include <stdlib.h>
| # endif
| #endif
| #ifdef HAVE_STRING_H
| # if !defined STDC_HEADERS && defined HAVE_MEMORY_H
| #  include <memory.h>
| # endif
| # include <string.h>
| #endif
| #ifdef HAVE_STRINGS_H
| # include <strings.h>
| #endif
| #ifdef HAVE_INTTYPES_H
| # include <inttypes.h>
| #endif
| #ifdef HAVE_STDINT_H
| # include <stdint.h>
| #endif
| #ifdef HAVE_UNISTD_H
| # include <unistd.h>
| #endif
| int
| main ()
| {
| if (sizeof ((_Bool)))
| 	    return 0;
|   ;
|   return 0;
| }
configure:16788: result: yes
configure:16799: checking for inline
configure:16815: gcc -c -Wall -Wextra -g -O3 -fPIC  conftest.c >&5
configure:16815: $? = 0
configure:16823: result: inline
configure:16841: checking for size_t
configure:16841: gcc -c -Wall -Wextra -g -O3 -fPIC  conftest.c >&5
configure:16841: $? = 0
configure:16841: gcc -c -Wall -Wextra -g -O3 -fPIC  conftest.c >&5
conftest.c: In function 'main':
conftest.c:74:21: error: expected expression before ')' token
 if (sizeof ((size_t)))
                     ^
configure:16841: $? = 1
configure: failed program was:
| /* confdefs.h */
| #define PACKAGE_NAME "cudd"
| #define PACKAGE_TARNAME "cudd"
| #define PACKAGE_VERSION "3.0.0"
| #define PACKAGE_STRING "cudd 3.0.0"
| #define PACKAGE_BUGREPORT "Fabio@Colorado.EDU"
| #define PACKAGE_URL ""
| #define PACKAGE "cudd"
| #define VERSION "3.0.0"
| #define STDC_HEADERS 1
| #define HAVE_SYS_TYPES_H 1
| #define HAVE_SYS_STAT_H 1
| #define HAVE_STDLIB_H 1
| #define HAVE_STRING_H 1
| #define HAVE_MEMORY_H 1
| #define HAVE_STRINGS_H 1
| #define HAVE_INTTYPES_H 1
| #define HAVE_STDINT_H 1
| #define HAVE_UNISTD_H 1
| #define HAVE_DLFCN_H 1
| #define LT_OBJDIR ".libs/"
| #define HAVE_FLOAT_H 1
| #define HAVE_INTTYPES_H 1
| #define HAVE_LIMITS_H 1
| #define HAVE_STDDEF_H 1
| #define HAVE_STDLIB_H 1
| #define HAVE_STRING_H 1
| #define HAVE_ASSERT_H 1
| #define HAVE_MATH_H 1
| #define HAVE_UNISTD_H 1
| #define HAVE_SYS_TIME_H 1
| #define HAVE_SYS_TIMES_H 1
| #define HAVE_SYS_RESOURCE_H 1
| #define HAVE_SYS_WAIT_H 1
| #define HAVE_WORKING_THREAD 1
| #define HAVE__BOOL 1
| /* end confdefs.h.  */
| #include <stdio.h>
| #ifdef HAVE_SYS_TYPES_H
| # include <sys/types.h>
| #endif
| #ifdef HAVE_SYS_STAT_H
| # include <sys/stat.h>
| #endif
| #ifdef STDC_HEADERS
| # include <stdlib.h>
| # include <stddef.h>
| #else
| # ifdef HAVE_STDLIB_H
| #  include <stdlib.h>
| # endif
| #endif
| #ifdef HAVE_STRING_H
| # if !defined STDC_HEADERS && defined HAVE_MEMORY_H
| #  include <memory.h>
| # endif
| # include <string.h>
| #endif
| #ifdef HAVE_STRINGS_H
| # include <strings.h>
| #endif
| #ifdef HAVE_INTTYPES_H
| # include <inttypes.h>
| #endif
| #ifdef HAVE_STDINT_H
| # include <stdint.h>
| #endif
| #ifdef HAVE_UNISTD_H
| # include <unistd.h>
| #endif
| int
| main ()
| {
| if (sizeof ((size_t)))
| 	    return 0;
|   ;
|   return 0;
| }
configure:16841: result: yes
configure:16852: checking for uint16_t
configure:16852: gcc -c -Wall -Wextra -g -O3 -fPIC  conftest.c >&5
configure:16852: $? = 0
configure:16852: result: yes
configure:16864: checking for uint32_t
configure:16864: gcc -c -Wall -Wextra -g -O3 -fPIC  conftest.c >&5
configure:16864: $? = 0
configure:16864: result: yes
configure:16878: checking for ptrdiff_t
configure:16878: gcc -c -Wall -Wextra -g -O3 -fPIC  conftest.c >&5
configure:16878: $? = 0
configure:16878: gcc -c -Wall -Wextra -g -O3 -fPIC  conftest.c >&5
conftest.c: In function 'main':
conftest.c:74:24: error: expected expression before ')' token
 if (sizeof ((ptrdiff_t)))
                        ^
configure:16878: $? = 1
configure: failed program was:
| /* confdefs.h */
| #define PACKAGE_NAME "cudd"
| #define PACKAGE_TARNAME "cudd"
| #define PACKAGE_VERSION "3.0.0"
| #define PACKAGE_STRING "cudd 3.0.0"
| #define PACKAGE_BUGREPORT "Fabio@Colorado.EDU"
| #define PACKAGE_URL ""
| #define PACKAGE "cudd"
| #define VERSION "3.0.0"
| #define STDC_HEADERS 1
| #define HAVE_SYS_TYPES_H 1
| #define HAVE_SYS_STAT_H 1
| #define HAVE_STDLIB_H 1
| #define HAVE_STRING_H 1
| #define HAVE_MEMORY_H 1
| #define HAVE_STRINGS_H 1
| #define HAVE_INTTYPES_H 1
| #define HAVE_STDINT_H 1
| #define HAVE_UNISTD_H 1
| #define HAVE_DLFCN_H 1
| #define LT_OBJDIR ".libs/"
| #define HAVE_FLOAT_H 1
| #define HAVE_INTTYPES_H 1
| #define HAVE_LIMITS_H 1
| #define HAVE_STDDEF_H 1
| #define HAVE_STDLIB_H 1
| #define HAVE_STRING_H 1
| #define HAVE_ASSERT_H 1
| #define HAVE_MATH_H 1
| #define HAVE_UNISTD_H 1
| #define HAVE_SYS_TIME_H 1
| #define HAVE_SYS_TIMES_H 1
| #define HAVE_SYS_RESOURCE_H 1
| #define HAVE_SYS_WAIT_H 1
| #define HAVE_WORKING_THREAD 1
| #define HAVE__BOOL 1
| /* end confdefs.h.  */
| #include <stdio.h>
| #ifdef HAVE_SYS_TYPES_H
| # include <sys/types.h>
| #endif
| #ifdef HAVE_SYS_STAT_H
| # include <sys/stat.h>
| #endif
| #ifdef STDC_HEADERS
| # include <stdlib.h>
| # include <stddef.h>
| #else
| # ifdef HAVE_STDLIB_H
| #  include <stdlib.h>
| # endif
| #endif
| #ifdef HAVE_STRING_H
| # if !defined STDC_HEADERS && defined HAVE_MEMORY_H
| #  include <memory.h>
| # endif
| # include <string.h>
| #endif
| #ifdef HAVE_STRINGS_H
| # include <strings.h>
| #endif
| #ifdef HAVE_INTTYPES_H
| # include <inttypes.h>
| #endif
| #ifdef HAVE_STDINT_H
| # include <stdint.h>
| #endif
| #ifdef HAVE_UNISTD_H
| # include <unistd.h>
| #endif
| int
| main ()
| {
| if (sizeof ((ptrdiff_t)))
| 	    return 0;
|   ;
|   return 0;
| }
configure:16878: result: yes
configure:16892: checking size of int
configure:16897: gcc -o conftest -Wall -Wextra -g -O3 -fPIC   conftest.c -lm  >&5
configure:16897: $? = 0
configure:16897: ./conftest
configure:16897: $? = 0
configure:16911: result: 4
configure:16925: checking size of long
configure:16930: gcc -o conftest -Wall -Wextra -g -O3 -fPIC   conftest.c -lm  >&5
configure:16930: $? = 0
configure:16930: ./conftest
configure:16930: $? = 0
configure:16944: result: 8
configure:16958: checking size of void *
configure:16963: gcc -o conftest -Wall -Wextra -g -O3 -fPIC   conftest.c -lm  >&5
configure:16963: $? = 0
configure:16963: ./conftest
configure:16963: $? = 0
configure:16977: result: 8
configure:16991: checking size of long double
configure:16996: gcc -o conftest -Wall -Wextra -g -O3 -fPIC   conftest.c -lm  >&5
configure:16996: $? = 0
configure:16996: ./conftest
configure:16996: $? = 0
configure:17010: result: 16
configure:17020: checking whether we are building for a Win32 host
configure:17032: gcc -c -Wall -Wextra -g -O3 -fPIC  conftest.c >&5
configure:17032: $? = 0
configure:17039: result: no
configure:17054: checking whether enough of C++11 is supported
configure:17073: g++ -c -Wall -Wextra -std=c++0x -g -O3  conftest.cpp >&5
conftest.cpp: In function 'int main()':
conftest.cpp:46:9: warning: unused variable 'p' [-Wunused-variable]
   void *p = nullptr;
         ^
configure:17073: $? = 0
configure:17086: result: yes
configure:17099: checking for pow
configure:17099: gcc -o conftest -Wall -Wextra -g -O3 -fPIC   conftest.c -lm  >&5
conftest.c:67:6: warning: conflicting types for built-in function 'pow'
 char pow ();
      ^
configure:17099: $? = 0
configure:17099: result: yes
configure:17099: checking for sqrt
configure:17099: gcc -o conftest -Wall -Wextra -g -O3 -fPIC   conftest.c -lm  >&5
conftest.c:68:6: warning: conflicting types for built-in function 'sqrt'
 char sqrt ();
      ^
configure:17099: $? = 0
configure:17099: result: yes
configure:17099: checking for strchr
configure:17099: gcc -o conftest -Wall -Wextra -g -O3 -fPIC   conftest.c -lm  >&5
conftest.c:69:6: warning: conflicting types for built-in function 'strchr'
 char strchr ();
      ^
configure:17099: $? = 0
configure:17099: result: yes
configure:17099: checking for strstr
configure:17099: gcc -o conftest -Wall -Wextra -g -O3 -fPIC   conftest.c -lm  >&5
conftest.c:70:6: warning: conflicting types for built-in function 'strstr'
 char strstr ();
      ^
configure:17099: $? = 0
configure:17099: result: yes
configure:17117: checking for powl
configure:17117: gcc -o conftest -Wall -Wextra -g -O3 -fPIC   conftest.c -lm  >&5
conftest.c:71:6: warning: conflicting types for built-in function 'powl'
 char powl ();
      ^
configure:17117: $? = 0
configure:17117: result: yes
configure:17117: checking for gethostname
configure:17117: gcc -o conftest -Wall -Wextra -g -O3 -fPIC   conftest.c -lm  >&5
configure:17117: $? = 0
configure:17117: result: yes
configure:17117: checking for getrlimit
configure:17117: gcc -o conftest -Wall -Wextra -g -O3 -fPIC   conftest.c -lm  >&5
configure:17117: $? = 0
configure:17117: result: yes
configure:17117: checking for getrusage
configure:17117: gcc -o conftest -Wall -Wextra -g -O3 -fPIC   conftest.c -lm  >&5
configure:17117: $? = 0
configure:17117: result: yes
configure:17117: checking for sysconf
configure:17117: gcc -o conftest -Wall -Wextra -g -O3 -fPIC   conftest.c -lm  >&5
configure:17117: $? = 0
configure:17117: result: yes
configure:17129: checking for +Infinity (IEEE 754 floating point)
configure:17148: gcc -o conftest -Wall -Wextra -g -O3 -fPIC   conftest.c -lm  >&5
conftest.c:55:1: warning: return type defaults to 'int' [-Wimplicit-int]
 main(void)
 ^
configure:17148: $? = 0
configure:17148: ./conftest
configure:17148: $? = 0
configure:17179: result: yes
configure:17316: checking that generated files are newer than configure
configure:17322: result: done
configure:17378: creating ./config.status

## ---------------------- ##
## Running config.status. ##
## ---------------------- ##

This file was extended by cudd config.status 3.0.0, which was
generated by GNU Autoconf 2.69.  Invocation command line was

  CONFIG_FILES    = 
  CONFIG_HEADERS  = 
  CONFIG_LINKS    = 
  CONFIG_COMMANDS = 
  $ ./config.status 

on nick-Aspire-5755G

config.status:1200: creating Makefile
config.status:1200: creating dddmp/exp/test1.sh
config.status:1200: creating dddmp/exp/test2.sh
config.status:1200: creating dddmp/exp/test3.sh
config.status:1200: creating dddmp/exp/test4.sh
config.status:1200: creating dddmp/exp/test5.sh
config.status:1200: creating dddmp/exp/test6.sh
config.status:1200: creating dddmp/exp/test7.sh
config.status:1200: creating config.h
config.status:1381: config.h is unchanged
config.status:1429: executing depfiles commands
config.status:1429: executing libtool commands

## ---------------- ##
## Cache variables. ##
## ---------------- ##

ac_cv_build=x86_64-unknown-linux-gnu
ac_cv_c_bigendian=no
ac_cv_c_compiler_gnu=yes
ac_cv_c_inline=inline
ac_cv_c_uint16_t=yes
ac_cv_c_uint32_t=yes
ac_cv_cxx_compiler_gnu=yes
ac_cv_env_CCC_set=
ac_cv_env_CCC_value=
ac_cv_env_CC_set=set
ac_cv_env_CC_value=gcc
ac_cv_env_CFLAGS_set=set
ac_cv_env_CFLAGS_value='-Wall -Wextra -g -O3 -fPIC'
ac_cv_env_CPPFLAGS_set=
ac_cv_env_CPPFLAGS_value=
ac_cv_env_CPP_set=
ac_cv_env_CPP_value=
ac_cv_env_CXXCPP_set=
ac_cv_env_CXXCPP_value=
ac_cv_env_CXXFLAGS_set=
ac_cv_env_CXXFLAGS_value=
ac_cv_env_CXX_set=
ac_cv_env_CXX_value=
ac_cv_env_LDFLAGS_set=
ac_cv_env_LDFLAGS_value=
ac_cv_env_LIBS_set=
ac_cv_env_LIBS_value=
ac_cv_env_build_alias_set=
ac_cv_env_build_alias_value=
ac_cv_env_host_alias_set=
ac_cv_env_host_alias_value=
ac_cv_env_target_alias_set=
ac_cv_env_target_alias_value=
ac_cv_func_gethostname=yes
ac_cv_func_getrlimit=yes
ac_cv_func_getrusage=yes
ac_cv_func_pow=yes
ac_cv_func_powl=yes
ac_cv_func_sqrt=yes
ac_cv_func_strchr=yes
ac_cv_func_strstr=yes
ac_cv_func_sysconf=yes
ac_cv_have_ieee_754=yes
ac_cv_have_modern_cxx=yes
ac_cv_header_assert_h=yes
ac_cv_header_dlfcn_h=yes
ac_cv_header_float_h=yes
ac_cv_header_inttypes_h=yes
ac_cv_header_limits_h=yes
ac_cv_header_math_h=yes
ac_cv_header_memory_h=yes
ac_cv_header_stdbool_h=yes
ac_cv_header_stdc=yes
ac_cv_header_stddef_h=yes
ac_cv_header_stdint_h=yes
ac_cv_header_stdlib_h=yes
ac_cv_header_string_h=yes
ac_cv_header_strings_h=yes
ac_cv_header_sys_resource_h=yes
ac_cv_header_sys_stat_h=yes
ac_cv_header_sys_time_h=yes
ac_cv_header_sys_times_h=yes
ac_cv_header_sys_types_h=yes
ac_cv_header_sys_wait_h=yes
ac_cv_header_unistd_h=yes
ac_cv_host=x86_64-unknown-linux-gnu
ac_cv_lib_pthread_pthread_create=yes
ac_cv_objext=o
ac_cv_path_EGREP='/bin/grep -E'
ac_cv_path_FGREP='/bin/grep -F'
ac_cv_path_GREP=/bin/grep
ac_cv_path_SED=/bin/sed
ac_cv_path_install='/usr/bin/install -c'
ac_cv_path_mkdir=/bin/mkdir
ac_cv_prog_AWK=mawk
ac_cv_prog_CPP='gcc -E'
ac_cv_prog_CXXCPP='g++ -E'
ac_cv_prog_ac_ct_AR=ar
ac_cv_prog_ac_ct_CC=gcc
ac_cv_prog_ac_ct_CXX=g++
ac_cv_prog_ac_ct_MANIFEST_TOOL=mt
ac_cv_prog_ac_ct_OBJDUMP=objdump
ac_cv_prog_ac_ct_RANLIB=ranlib
ac_cv_prog_ac_ct_STRIP=strip
ac_cv_prog_cc_c89=
ac_cv_prog_cc_g=yes
ac_cv_prog_cxx_g=yes
ac_cv_prog_make_make_set=yes
ac_cv_search_GetProcessMemoryInfo=no
ac_cv_search_WSAStartup=no
ac_cv_search_pow=-lm
ac_cv_sizeof_int=4
ac_cv_sizeof_long=8
ac_cv_sizeof_long_double=16
ac_cv_sizeof_void_p=8
ac_cv_type__Bool=yes
ac_cv_type_ptrdiff_t=yes
ac_cv_type_size_t=yes
am_cv_CC_dependencies_compiler_type=gcc3
am_cv_CXX_dependencies_compiler_type=gcc3
am_cv_ar_interface=ar
am_cv_make_support_nested_variables=yes
am_cv_prog_cc_c_o=yes
lt_cv_ar_at_file=@
lt_cv_deplibs_check_method=pass_all
lt_cv_file_magic_cmd='$MAGIC_CMD'
lt_cv_file_magic_test_file=
lt_cv_ld_reload_flag=-r
lt_cv_nm_interface='BSD nm'
lt_cv_objdir=.libs
lt_cv_path_LD=gcc
lt_cv_path_LDCXX='gcc -m elf_x86_64'
lt_cv_path_NM='/usr/bin/nm -B'
lt_cv_path_mainfest_tool=no
lt_cv_prog_compiler_c_o=yes
lt_cv_prog_compiler_c_o_CXX=yes
lt_cv_prog_compiler_pic='-fPIC -DPIC'
lt_cv_prog_compiler_pic_CXX='-fPIC -DPIC'
lt_cv_prog_compiler_pic_works=yes
lt_cv_prog_compiler_pic_works_CXX=yes
lt_cv_prog_compiler_rtti_exceptions=no
lt_cv_prog_compiler_static_works=yes
lt_cv_prog_compiler_static_works_CXX=yes
lt_cv_prog_gnu_ld=no
lt_cv_prog_gnu_ldcxx=no
lt_cv_sharedlib_from_linklib_cmd='printf %s\n'
lt_cv_shlibpath_overrides_runpath=no
lt_cv_sys_global_symbol_pipe='sed -n -e '\''s/^.*[	 ]\([ABCDGIRSTW][ABCDGIRSTW]*\)[	 ][	 ]*\([_A-Za-z][_A-Za-z0-9]*\)$/\1 \2 \2/p'\'' | sed '\''/ __gnu_lto/d'\'''
lt_cv_sys_global_symbol_to_c_name_address='sed -n -e '\''s/^: \([^ ]*\)[ ]*$/  {\"\1\", (void *) 0},/p'\'' -e '\''s/^[ABCDGIRSTW]* \([^ ]*\) \([^ ]*\)$/  {"\2", (void *) \&\2},/p'\'''
lt_cv_sys_global_symbol_to_c_name_address_lib_prefix='sed -n -e '\''s/^: \([^ ]*\)[ ]*$/  {\"\1\", (void *) 0},/p'\'' -e '\''s/^[ABCDGIRSTW]* \([^ ]*\) \(lib[^ ]*\)$/  {"\2", (void *) \&\2},/p'\'' -e '\''s/^[ABCDGIRSTW]* \([^ ]*\) \([^ ]*\)$/  {"lib\2", (void *) \&\2},/p'\'''
lt_cv_sys_global_symbol_to_cdecl='sed -n -e '\''s/^T .* \(.*\)$/extern int \1();/p'\'' -e '\''s/^[ABCDGIRSTW]* .* \(.*\)$/extern char \1;/p'\'''
lt_cv_sys_max_cmd_len=1572864
lt_cv_to_host_file_cmd=func_convert_file_noop
lt_cv_to_tool_file_cmd=func_convert_file_noop
mingw_cv_win32_host=no

## ----------------- ##
## Output variables. ##
## ----------------- ##

ACLOCAL='${SHELL} /home/nick/lib/swipl/pack/cplint/cudd-3.0.0/build-aux/missing aclocal-1.15'
AMDEPBACKSLASH='\'
AMDEP_FALSE='#'
AMDEP_TRUE=''
AMTAR='$${TAR-tar}'
AM_BACKSLASH='\'
AM_DEFAULT_V='$(AM_DEFAULT_VERBOSITY)'
AM_DEFAULT_VERBOSITY='1'
AM_V='$(V)'
AR='ar'
AS='as'
AUTOCONF='${SHELL} /home/nick/lib/swipl/pack/cplint/cudd-3.0.0/build-aux/missing autoconf'
AUTOHEADER='${SHELL} /home/nick/lib/swipl/pack/cplint/cudd-3.0.0/build-aux/missing autoheader'
AUTOMAKE='${SHELL} /home/nick/lib/swipl/pack/cplint/cudd-3.0.0/build-aux/missing automake-1.15'
AWK='mawk'
CC='gcc'
CCDEPMODE='depmode=gcc3'
CFLAGS='-Wall -Wextra -g -O3 -fPIC'
CPP='gcc -E'
CPPFLAGS=''
CROSS_COMPILING_FALSE=''
CROSS_COMPILING_TRUE='#'
CXX='g++'
CXXCPP='g++ -E'
CXXDEPMODE='depmode=gcc3'
CXXFLAGS='-Wall -Wextra -std=c++0x -g -O3'
CYGPATH_W='echo'
DDDMP_FALSE=''
DDDMP_TRUE='#'
DEFS='-DHAVE_CONFIG_H'
DEPDIR='.deps'
DLLTOOL='false'
DOXYGEN=''
DSYMUTIL=''
DUMPBIN=''
ECHO_C=''
ECHO_N='-n'
ECHO_T=''
EGREP='/bin/grep -E'
EXEEXT=''
FGREP='/bin/grep -F'
GREP='/bin/grep'
HAVE_DOXYGEN_FALSE=''
HAVE_DOXYGEN_TRUE='#'
HAVE_PDFLATEX_FALSE=''
HAVE_PDFLATEX_TRUE='#'
HAVE_PTHREADS_FALSE='#'
HAVE_PTHREADS_TRUE=''
INSTALL_DATA='${INSTALL} -m 644'
INSTALL_PROGRAM='${INSTALL}'
INSTALL_SCRIPT='${INSTALL}'
INSTALL_STRIP_PROGRAM='$(install_sh) -c -s'
LD='gcc -m elf_x86_64'
LDFLAGS=''
LIBOBJS=''
LIBS='-lm '
LIBTOOL='$(SHELL) $(top_builddir)/libtool'
LIPO=''
LN_S='ln -s'
LTLIBOBJS=''
MAKEINDEX=''
MAKEINFO='${SHELL} /home/nick/lib/swipl/pack/cplint/cudd-3.0.0/build-aux/missing makeinfo'
MANIFEST_TOOL=':'
MINGW64_FALSE=''
MINGW64_TRUE='#'
MKDIR_P='/bin/mkdir -p'
NM='/usr/bin/nm -B'
NMEDIT=''
OBJDUMP='objdump'
OBJEXT='o'
OBJ_FALSE=''
OBJ_TRUE='#'
OTOOL64=''
OTOOL=''
PACKAGE='cudd'
PACKAGE_BUGREPORT='Fabio@Colorado.EDU'
PACKAGE_NAME='cudd'
PACKAGE_STRING='cudd 3.0.0'
PACKAGE_TARNAME='cudd'
PACKAGE_URL=''
PACKAGE_VERSION='3.0.0'
PATH_SEPARATOR=':'
PDFLATEX=''
RANLIB='ranlib'
SED='/bin/sed'
SET_MAKE=''
SHELL='/bin/bash'
STRIP='strip'
VERSION='3.0.0'
ac_ct_AR='ar'
ac_ct_CC='gcc'
ac_ct_CXX='g++'
ac_ct_DUMPBIN=''
am__EXEEXT_FALSE=''
am__EXEEXT_TRUE='#'
am__fastdepCC_FALSE='#'
am__fastdepCC_TRUE=''
am__fastdepCXX_FALSE='#'
am__fastdepCXX_TRUE=''
am__include='include'
am__isrc=''
am__leading_dot='.'
am__nodep='_no'
am__quote=''
am__tar='$${TAR-tar} chof - "$$tardir"'
am__untar='$${TAR-tar} xf -'
bindir='${exec_prefix}/bin'
build='x86_64-unknown-linux-gnu'
build_alias=''
build_cpu='x86_64'
build_os='linux-gnu'
build_vendor='unknown'
datadir='${datarootdir}'
datarootdir='${prefix}/share'
docdir='${datarootdir}/doc/${PACKAGE_TARNAME}'
dvidir='${docdir}'
exec_prefix='${prefix}'
host='x86_64-unknown-linux-gnu'
host_alias=''
host_cpu='x86_64'
host_os='linux-gnu'
host_vendor='unknown'
htmldir='${docdir}'
includedir='${prefix}/include'
infodir='${datarootdir}/info'
install_sh='${SHELL} /home/nick/lib/swipl/pack/cplint/cudd-3.0.0/build-aux/install-sh'
libdir='${exec_prefix}/lib'
libexecdir='${exec_prefix}/libexec'
localedir='${datarootdir}/locale'
localstatedir='${prefix}/var'
mandir='${datarootdir}/man'
mkdir_p='$(MKDIR_P)'
oldincludedir='/usr/include'
pdfdir='${docdir}'
prefix='/usr/local'
program_transform_name='s,x,x,'
psdir='${docdir}'
runstatedir='${localstatedir}/run'
sbindir='${exec_prefix}/sbin'
sharedstatedir='${prefix}/com'
sysconfdir='${prefix}/etc'
target_alias=''

## ----------- ##
## confdefs.h. ##
## ----------- ##

/* confdefs.h */
#define PACKAGE_NAME "cudd"
#define PACKAGE_TARNAME "cudd"
#define PACKAGE_VERSION "3.0.0"
#define PACKAGE_STRING "cudd 3.0.0"
#define PACKAGE_BUGREPORT "Fabio@Colorado.EDU"
#define PACKAGE_URL ""
#define PACKAGE "cudd"
#define VERSION "3.0.0"
#define STDC_HEADERS 1
#define HAVE_SYS_TYPES_H 1
#define HAVE_SYS_STAT_H 1
#define HAVE_STDLIB_H 1
#define HAVE_STRING_H 1
#define HAVE_MEMORY_H 1
#define HAVE_STRINGS_H 1
#define HAVE_INTTYPES_H 1
#define HAVE_STDINT_H 1
#define HAVE_UNISTD_H 1
#define HAVE_DLFCN_H 1
#define LT_OBJDIR ".libs/"
#define HAVE_FLOAT_H 1
#define HAVE_INTTYPES_H 1
#define HAVE_LIMITS_H 1
#define HAVE_STDDEF_H 1
#define HAVE_STDLIB_H 1
#define HAVE_STRING_H 1
#define HAVE_ASSERT_H 1
#define HAVE_MATH_H 1
#define HAVE_UNISTD_H 1
#define HAVE_SYS_TIME_H 1
#define HAVE_SYS_TIMES_H 1
#define HAVE_SYS_RESOURCE_H 1
#define HAVE_SYS_WAIT_H 1
#define HAVE_WORKING_THREAD 1
#define HAVE__BOOL 1
#define HAVE_PTRDIFF_T 1
#define SIZEOF_INT 4
#define SIZEOF_LONG 8
#define SIZEOF_VOID_P 8
#define SIZEOF_LONG_DOUBLE 16
#define HAVE_MODERN_CXX 1
#define HAVE_POW 1
#define HAVE_SQRT 1
#define HAVE_STRCHR 1
#define HAVE_STRSTR 1
#define HAVE_POWL 1
#define HAVE_GETHOSTNAME 1
#define HAVE_GETRLIMIT 1
#define HAVE_GETRUSAGE 1
#define HAVE_SYSCONF 1
#define HAVE_IEEE_754 1

configure: exit 0
